Build started 11/3/2014 11:32:56 PM.
     1>Project "C:\Users\Faye\Documents\Visual Studio 2010\Projects\Assignment2_VS2010\Assignment2.vcxproj" on node 2 (Build target(s)).
     1>C:\Program Files (x86)\MSBuild\Microsoft.Cpp\v4.0\V120\Microsoft.CppBuild.targets(388,5): warning MSB8028: The intermediate directory (Debug\) contains files shared from another project (JPEG.vcxproj).  This can lead to incorrect clean and rebuild behavior.
     1>ClCompile:
         C:\Program Files (x86)\Microsoft Visual Studio 12.0\VC\bin\CL.exe /c /I. /ZI /nologo /W3 /WX- /Od /Oy- /D _CRT_SECURE_NO_WARNINGS /D _VC80_UPGRADE=0x0600 /D _MBCS /Gm /EHsc /RTC1 /MDd /GS /fp:precise /Zc:wchar_t /Zc:forScope /Fo"Debug\\" /Fd"Debug\vc120.pdb" /Gd /TP /analyze- /errorReport:prompt Ray\rayScene.todo.cpp
         rayScene.todo.cpp
     1>Project "C:\Users\Faye\Documents\Visual Studio 2010\Projects\Assignment2_VS2010\Assignment2.vcxproj" (1) is building "C:\Users\Faye\Documents\Visual Studio 2010\Projects\Assignment2_VS2010\JPEG.vcxproj" (2:3) on node 2 (GetResolvedLinkLibs target(s)).
     2>C:\Program Files (x86)\MSBuild\Microsoft.Cpp\v4.0\V120\Microsoft.CppBuild.targets(388,5): warning MSB8028: The intermediate directory (Debug\) contains files shared from another project (Assignment2.vcxproj).  This can lead to incorrect clean and rebuild behavior.
     2>Done Building Project "C:\Users\Faye\Documents\Visual Studio 2010\Projects\Assignment2_VS2010\JPEG.vcxproj" (GetResolvedLinkLibs target(s)).
     1>Link:
         C:\Program Files (x86)\Microsoft Visual Studio 12.0\VC\bin\link.exe /ERRORREPORT:PROMPT /OUT:"C:\Users\Faye\Documents\Visual Studio 2010\Projects\Assignment2_VS2010\Debug\Assignment2.exe" /INCREMENTAL /NOLOGO /LIBPATH:. kernel32.lib user32.lib gdi32.lib winspool.lib comdlg32.lib advapi32.lib shell32.lib ole32.lib oleaut32.lib uuid.lib odbc32.lib odbccp32.lib /MANIFEST /MANIFESTUAC:"level='asInvoker' uiAccess='false'" /manifest:embed /DEBUG /PDB:"C:\Users\Faye\Documents\Visual Studio 2010\Projects\Assignment2_VS2010\Debug\Assignment2.pdb" /SUBSYSTEM:CONSOLE /TLBID:1 /DYNAMICBASE:NO /IMPLIB:"C:\Users\Faye\Documents\Visual Studio 2010\Projects\Assignment2_VS2010\Debug\Assignment2.lib" /MACHINE:X86 /SAFESEH Debug\bmp.obj
         Debug\cmdLineParser.obj
         Debug\geometry.obj
         Debug\geometry.todo.obj
         Debug\image.obj
         Debug\image.todo.obj
         Debug\jpeg.obj
         Debug\lineSegments.obj
         Debug\lineSegments.todo.obj
         Debug\main.obj
         Debug\mouse.obj
         Debug\rayBox.obj
         Debug\rayBox.todo.obj
         Debug\rayCamera.obj
         Debug\rayCamera.todo.obj
         Debug\rayCone.obj
         Debug\rayCone.todo.obj
         Debug\rayCylinder.obj
         Debug\rayCylinder.todo.obj
         Debug\rayDirectionalLight.obj
         Debug\rayDirectionalLight.todo.obj
         Debug\rayFileInstance.obj
         Debug\rayGroup.obj
         Debug\rayGroup.todo.obj
         Debug\rayKey.obj
         Debug\rayPointLight.obj
         Debug\rayPointLight.todo.obj
         Debug\rayScene.obj
         Debug\rayScene.todo.obj
         Debug\raySphere.obj
         Debug\raySphere.todo.obj
         Debug\raySpotLight.obj
         Debug\raySpotLight.todo.obj
         Debug\rayTriangle.obj
         Debug\rayTriangle.todo.obj
         Debug\rayWindow.obj
         Debug\time.obj
         "C:\Users\Faye\Documents\Visual Studio 2010\Projects\Assignment2_VS2010\Debug\JPEG.lib"
         Assignment2.vcxproj -> C:\Users\Faye\Documents\Visual Studio 2010\Projects\Assignment2_VS2010\Debug\Assignment2.exe
     1>Done Building Project "C:\Users\Faye\Documents\Visual Studio 2010\Projects\Assignment2_VS2010\Assignment2.vcxproj" (Build target(s)).

Build succeeded.

Time Elapsed 00:00:01.26
