c:\users\faye\documents\visual studio 2010\projects\assignment2_vs2010\debug\jdmarker.obj
c:\users\faye\documents\visual studio 2010\projects\assignment2_vs2010\debug\jdmaster.obj
c:\users\faye\documents\visual studio 2010\projects\assignment2_vs2010\debug\jdmerge.obj
c:\users\faye\documents\visual studio 2010\projects\assignment2_vs2010\debug\jdphuff.obj
c:\users\faye\documents\visual studio 2010\projects\assignment2_vs2010\debug\jdpostct.obj
c:\users\faye\documents\visual studio 2010\projects\assignment2_vs2010\debug\jdsample.obj
c:\users\faye\documents\visual studio 2010\projects\assignment2_vs2010\debug\jdtrans.obj
c:\users\faye\documents\visual studio 2010\projects\assignment2_vs2010\debug\jerror.obj
c:\users\faye\documents\visual studio 2010\projects\assignment2_vs2010\debug\jfdctflt.obj
c:\users\faye\documents\visual studio 2010\projects\assignment2_vs2010\debug\jfdctfst.obj
c:\users\faye\documents\visual studio 2010\projects\assignment2_vs2010\debug\jfdctint.obj
c:\users\faye\documents\visual studio 2010\projects\assignment2_vs2010\debug\jidctflt.obj
c:\users\faye\documents\visual studio 2010\projects\assignment2_vs2010\debug\jidctfst.obj
c:\users\faye\documents\visual studio 2010\projects\assignment2_vs2010\debug\jidctint.obj
c:\users\faye\documents\visual studio 2010\projects\assignment2_vs2010\debug\jidctred.obj
c:\users\faye\documents\visual studio 2010\projects\assignment2_vs2010\debug\jmemmgr.obj
c:\users\faye\documents\visual studio 2010\projects\assignment2_vs2010\debug\jmemnobs.obj
c:\users\faye\documents\visual studio 2010\projects\assignment2_vs2010\debug\jquant1.obj
c:\users\faye\documents\visual studio 2010\projects\assignment2_vs2010\debug\jquant2.obj
c:\users\faye\documents\visual studio 2010\projects\assignment2_vs2010\debug\jutils.obj
c:\users\faye\documents\visual studio 2010\projects\assignment2_vs2010\debug\jcinit.obj
c:\users\faye\documents\visual studio 2010\projects\assignment2_vs2010\debug\jcmainct.obj
c:\users\faye\documents\visual studio 2010\projects\assignment2_vs2010\debug\jcmarker.obj
c:\users\faye\documents\visual studio 2010\projects\assignment2_vs2010\debug\jcmaster.obj
c:\users\faye\documents\visual studio 2010\projects\assignment2_vs2010\debug\jcomapi.obj
c:\users\faye\documents\visual studio 2010\projects\assignment2_vs2010\debug\jcparam.obj
c:\users\faye\documents\visual studio 2010\projects\assignment2_vs2010\debug\jcphuff.obj
c:\users\faye\documents\visual studio 2010\projects\assignment2_vs2010\debug\jcprepct.obj
c:\users\faye\documents\visual studio 2010\projects\assignment2_vs2010\debug\jcsample.obj
c:\users\faye\documents\visual studio 2010\projects\assignment2_vs2010\debug\jctrans.obj
c:\users\faye\documents\visual studio 2010\projects\assignment2_vs2010\debug\jdapimin.obj
c:\users\faye\documents\visual studio 2010\projects\assignment2_vs2010\debug\jdapistd.obj
c:\users\faye\documents\visual studio 2010\projects\assignment2_vs2010\debug\jdatadst.obj
c:\users\faye\documents\visual studio 2010\projects\assignment2_vs2010\debug\jdatasrc.obj
c:\users\faye\documents\visual studio 2010\projects\assignment2_vs2010\debug\jdcoefct.obj
c:\users\faye\documents\visual studio 2010\projects\assignment2_vs2010\debug\jdcolor.obj
c:\users\faye\documents\visual studio 2010\projects\assignment2_vs2010\debug\jddctmgr.obj
c:\users\faye\documents\visual studio 2010\projects\assignment2_vs2010\debug\jdhuff.obj
c:\users\faye\documents\visual studio 2010\projects\assignment2_vs2010\debug\jdinput.obj
c:\users\faye\documents\visual studio 2010\projects\assignment2_vs2010\debug\jdmainct.obj
c:\users\faye\documents\visual studio 2010\projects\assignment2_vs2010\debug\ckconfig.obj
c:\users\faye\documents\visual studio 2010\projects\assignment2_vs2010\debug\jcapimin.obj
c:\users\faye\documents\visual studio 2010\projects\assignment2_vs2010\debug\jcapistd.obj
c:\users\faye\documents\visual studio 2010\projects\assignment2_vs2010\debug\jccoefct.obj
c:\users\faye\documents\visual studio 2010\projects\assignment2_vs2010\debug\jccolor.obj
c:\users\faye\documents\visual studio 2010\projects\assignment2_vs2010\debug\jcdctmgr.obj
c:\users\faye\documents\visual studio 2010\projects\assignment2_vs2010\debug\jchuff.obj
c:\users\faye\documents\visual studio 2010\projects\assignment2_vs2010\debug\vc100.pdb
c:\users\faye\documents\visual studio 2010\projects\assignment2_vs2010\debug\raycylinder.obj
c:\users\faye\documents\visual studio 2010\projects\assignment2_vs2010\debug\raycylinder.todo.obj
c:\users\faye\documents\visual studio 2010\projects\assignment2_vs2010\debug\raydirectionallight.obj
c:\users\faye\documents\visual studio 2010\projects\assignment2_vs2010\debug\raydirectionallight.todo.obj
c:\users\faye\documents\visual studio 2010\projects\assignment2_vs2010\debug\rayfileinstance.obj
c:\users\faye\documents\visual studio 2010\projects\assignment2_vs2010\debug\raygroup.obj
c:\users\faye\documents\visual studio 2010\projects\assignment2_vs2010\debug\raygroup.todo.obj
c:\users\faye\documents\visual studio 2010\projects\assignment2_vs2010\debug\raykey.obj
c:\users\faye\documents\visual studio 2010\projects\assignment2_vs2010\debug\raypointlight.obj
c:\users\faye\documents\visual studio 2010\projects\assignment2_vs2010\debug\raypointlight.todo.obj
c:\users\faye\documents\visual studio 2010\projects\assignment2_vs2010\debug\rayscene.obj
c:\users\faye\documents\visual studio 2010\projects\assignment2_vs2010\debug\rayscene.todo.obj
c:\users\faye\documents\visual studio 2010\projects\assignment2_vs2010\debug\raysphere.obj
c:\users\faye\documents\visual studio 2010\projects\assignment2_vs2010\debug\raysphere.todo.obj
c:\users\faye\documents\visual studio 2010\projects\assignment2_vs2010\debug\rayspotlight.obj
c:\users\faye\documents\visual studio 2010\projects\assignment2_vs2010\debug\rayspotlight.todo.obj
c:\users\faye\documents\visual studio 2010\projects\assignment2_vs2010\debug\raytriangle.obj
c:\users\faye\documents\visual studio 2010\projects\assignment2_vs2010\debug\raytriangle.todo.obj
c:\users\faye\documents\visual studio 2010\projects\assignment2_vs2010\debug\raywindow.obj
c:\users\faye\documents\visual studio 2010\projects\assignment2_vs2010\debug\time.obj
c:\users\faye\documents\visual studio 2010\projects\assignment2_vs2010\debug\bmp.obj
c:\users\faye\documents\visual studio 2010\projects\assignment2_vs2010\debug\cmdlineparser.obj
c:\users\faye\documents\visual studio 2010\projects\assignment2_vs2010\debug\geometry.obj
c:\users\faye\documents\visual studio 2010\projects\assignment2_vs2010\debug\geometry.todo.obj
c:\users\faye\documents\visual studio 2010\projects\assignment2_vs2010\debug\image.obj
c:\users\faye\documents\visual studio 2010\projects\assignment2_vs2010\debug\image.todo.obj
c:\users\faye\documents\visual studio 2010\projects\assignment2_vs2010\debug\jpeg.obj
c:\users\faye\documents\visual studio 2010\projects\assignment2_vs2010\debug\linesegments.obj
c:\users\faye\documents\visual studio 2010\projects\assignment2_vs2010\debug\linesegments.todo.obj
c:\users\faye\documents\visual studio 2010\projects\assignment2_vs2010\debug\main.obj
c:\users\faye\documents\visual studio 2010\projects\assignment2_vs2010\debug\mouse.obj
c:\users\faye\documents\visual studio 2010\projects\assignment2_vs2010\debug\raybox.obj
c:\users\faye\documents\visual studio 2010\projects\assignment2_vs2010\debug\raybox.todo.obj
c:\users\faye\documents\visual studio 2010\projects\assignment2_vs2010\debug\raycamera.obj
c:\users\faye\documents\visual studio 2010\projects\assignment2_vs2010\debug\raycamera.todo.obj
c:\users\faye\documents\visual studio 2010\projects\assignment2_vs2010\debug\raycone.obj
c:\users\faye\documents\visual studio 2010\projects\assignment2_vs2010\debug\raycone.todo.obj
c:\users\faye\documents\visual studio 2010\projects\assignment2_vs2010\debug\jpeg.lib
c:\users\faye\documents\visual studio 2010\projects\assignment2_vs2010\debug\assignment2.ilk
c:\users\faye\documents\visual studio 2010\projects\assignment2_vs2010\debug\assignment2.exe
c:\users\faye\documents\visual studio 2010\projects\assignment2_vs2010\debug\assignment2.exe.intermediate.manifest
c:\users\faye\documents\visual studio 2010\projects\assignment2_vs2010\debug\assignment2.pdb
c:\users\faye\documents\visual studio 2010\projects\assignment2_vs2010\debug\assignment2.exe.embed.manifest
c:\users\faye\documents\visual studio 2010\projects\assignment2_vs2010\debug\assignment2.exe.embed.manifest.res
c:\users\faye\documents\visual studio 2010\projects\assignment2_vs2010\debug\vc120.pdb
c:\users\faye\documents\visual studio 2010\projects\assignment2_vs2010\debug\vc120.idb
c:\users\faye\documents\visual studio 2010\projects\assignment2_vs2010\debug\jpeg.vcxprojresolveassemblyreference.cache
c:\users\faye\documents\visual studio 2010\projects\assignment2_vs2010\debug\assignment2.write.1.tlog
c:\users\faye\documents\visual studio 2010\projects\assignment2_vs2010\debug\cl.command.1.tlog
c:\users\faye\documents\visual studio 2010\projects\assignment2_vs2010\debug\cl.read.1.tlog
c:\users\faye\documents\visual studio 2010\projects\assignment2_vs2010\debug\cl.write.1.tlog
c:\users\faye\documents\visual studio 2010\projects\assignment2_vs2010\debug\jpeg.write.1.tlog
c:\users\faye\documents\visual studio 2010\projects\assignment2_vs2010\debug\lib-link.read.1.tlog
c:\users\faye\documents\visual studio 2010\projects\assignment2_vs2010\debug\lib-link.write.1.tlog
c:\users\faye\documents\visual studio 2010\projects\assignment2_vs2010\debug\lib.command.1.tlog
c:\users\faye\documents\visual studio 2010\projects\assignment2_vs2010\debug\lib.read.1.tlog
c:\users\faye\documents\visual studio 2010\projects\assignment2_vs2010\debug\link-cvtres.read.1.tlog
c:\users\faye\documents\visual studio 2010\projects\assignment2_vs2010\debug\link-cvtres.write.1.tlog
c:\users\faye\documents\visual studio 2010\projects\assignment2_vs2010\debug\link.1684-cvtres.read.1.tlog
c:\users\faye\documents\visual studio 2010\projects\assignment2_vs2010\debug\link.1684-cvtres.write.1.tlog
c:\users\faye\documents\visual studio 2010\projects\assignment2_vs2010\debug\link.1684.read.1.tlog
c:\users\faye\documents\visual studio 2010\projects\assignment2_vs2010\debug\link.1684.write.1.tlog
c:\users\faye\documents\visual studio 2010\projects\assignment2_vs2010\debug\link.6828-cvtres.read.1.tlog
c:\users\faye\documents\visual studio 2010\projects\assignment2_vs2010\debug\link.6828-cvtres.write.1.tlog
c:\users\faye\documents\visual studio 2010\projects\assignment2_vs2010\debug\link.6828.read.1.tlog
c:\users\faye\documents\visual studio 2010\projects\assignment2_vs2010\debug\link.6828.write.1.tlog
c:\users\faye\documents\visual studio 2010\projects\assignment2_vs2010\debug\link.command.1.tlog
c:\users\faye\documents\visual studio 2010\projects\assignment2_vs2010\debug\link.read.1.tlog
c:\users\faye\documents\visual studio 2010\projects\assignment2_vs2010\debug\link.write.1.tlog
c:\users\faye\documents\visual studio 2010\projects\assignment2_vs2010\debug\mt.command.1.tlog
c:\users\faye\documents\visual studio 2010\projects\assignment2_vs2010\debug\mt.read.1.tlog
c:\users\faye\documents\visual studio 2010\projects\assignment2_vs2010\debug\mt.write.1.tlog
c:\users\faye\documents\visual studio 2010\projects\assignment2_vs2010\debug\rc.command.1.tlog
c:\users\faye\documents\visual studio 2010\projects\assignment2_vs2010\debug\rc.read.1.tlog
c:\users\faye\documents\visual studio 2010\projects\assignment2_vs2010\debug\rc.write.1.tlog
c:\users\faye\documents\visual studio 2010\projects\assignment2_vs2010\debug\vc100.idb
c:\users\faye\documents\visual studio 2010\projects\assignment2_vs2010\debug\assignment2_manifest.rc
c:\users\faye\documents\visual studio 2010\projects\assignment2_vs2010\debug\jpeg.tlog\cl.command.1.tlog
c:\users\faye\documents\visual studio 2010\projects\assignment2_vs2010\debug\jpeg.tlog\cl.read.1.tlog
c:\users\faye\documents\visual studio 2010\projects\assignment2_vs2010\debug\jpeg.tlog\cl.write.1.tlog
c:\users\faye\documents\visual studio 2010\projects\assignment2_vs2010\debug\jpeg.tlog\lib-link.write.1.tlog
c:\users\faye\documents\visual studio 2010\projects\assignment2_vs2010\debug\jpeg.tlog\lib.command.1.tlog
c:\users\faye\documents\visual studio 2010\projects\assignment2_vs2010\debug\jpeg.tlog\lib.read.1.tlog
